<?xml version="1.0" encoding="UTF-8"?>
<!-- Generated by org.testng.reporters.JUnitReportReporter -->
<testsuite skipped="0" hostname="MyComputer" name="test.LoginTest" tests="1" failures="0" timestamp="04 Nov 2022 13:58:56 GMT" time="5.052" errors="0">
  <testcase name="userShouldAbleToLogin" time="5.052" classname="test.LoginTest"/>
</testsuite> <!-- test.LoginTest -->
